build/app/intermediates/manifest_merge_blame_file/release/manifest-merger-blame-release-report.txt
1<?xml version="1.0" encoding="utf-8"?>
2<manifest xmlns:android="http://schemas.android.com/apk/res/android"
3    package="com.herehere.canyasheme"
4    android:versionCode="2"
5    android:versionName="1.0.1" >
6
7    <uses-sdk
8        android:minSdkVersion="23"
8-->src/main/AndroidManifest.xml
9        android:targetSdkVersion="30" />
9-->src/main/AndroidManifest.xml
10
11    <uses-permission android:name="android.permission.INTERNET" />
11-->src/main/AndroidManifest.xml:3:5-66
11-->src/main/AndroidManifest.xml:3:22-64
12    <uses-permission android:name="android.permission.ACCESS_COARSE_LOCATION" />
12-->src/main/AndroidManifest.xml:4:5-81
12-->src/main/AndroidManifest.xml:4:22-78
13    <uses-permission android:name="android.permission.ACCESS_FINE_LOCATION" />
13-->src/main/AndroidManifest.xml:5:5-79
13-->src/main/AndroidManifest.xml:5:22-76
14    <uses-permission android:name="android.permission.ACCESS_NETWORK_STATE" />
14-->[com.google.firebase:firebase-iid:21.1.0] AndroidManifest.xml:22:5-79
14-->[com.google.firebase:firebase-iid:21.1.0] AndroidManifest.xml:22:22-76
15    <uses-permission android:name="android.permission.WAKE_LOCK" /> <!-- Required by older versions of Google Play services to create IID tokens -->
15-->[com.google.firebase:firebase-iid:21.1.0] AndroidManifest.xml:24:5-68
15-->[com.google.firebase:firebase-iid:21.1.0] AndroidManifest.xml:24:22-65
16    <uses-permission android:name="com.google.android.c2dm.permission.RECEIVE" />
16-->[com.google.firebase:firebase-iid:21.1.0] AndroidManifest.xml:26:5-82
16-->[com.google.firebase:firebase-iid:21.1.0] AndroidManifest.xml:26:22-79
17
18    <application
18-->src/main/AndroidManifest.xml:6:4-44:19
19        android:appComponentFactory="androidx.core.app.CoreComponentFactory"
19-->[androidx.core:core:1.1.0] AndroidManifest.xml:24:18-86
20        android:extractNativeLibs="false"
21        android:icon="@mipmap/ic_launcher"
21-->src/main/AndroidManifest.xml:8:9-43
22        android:label="can ya she me" >
22-->src/main/AndroidManifest.xml:7:9-38
23        <activity
23-->src/main/AndroidManifest.xml:9:9-38:20
24            android:name="com.herehere.canyasheme.MainActivity"
24-->src/main/AndroidManifest.xml:10:13-41
25            android:configChanges="orientation|keyboardHidden|keyboard|screenSize|smallestScreenSize|locale|layoutDirection|fontScale|screenLayout|density|uiMode"
25-->src/main/AndroidManifest.xml:13:13-163
26            android:hardwareAccelerated="true"
26-->src/main/AndroidManifest.xml:14:13-47
27            android:launchMode="singleTop"
27-->src/main/AndroidManifest.xml:11:13-43
28            android:screenOrientation="portrait"
28-->src/main/AndroidManifest.xml:15:13-49
29            android:theme="@style/LaunchTheme"
29-->src/main/AndroidManifest.xml:12:13-47
30            android:windowSoftInputMode="adjustResize" >
30-->src/main/AndroidManifest.xml:16:13-55
31
32            <!--
33                 Specifies an Android theme to apply to this Activity as soon as
34                 the Android process has started. This theme is visible to the user
35                 while the Flutter UI initializes. After that, this theme continues
36                 to determine the Window background behind the Flutter UI.
37            -->
38            <meta-data
38-->src/main/AndroidManifest.xml:21:13-24:17
39                android:name="io.flutter.embedding.android.NormalTheme"
39-->src/main/AndroidManifest.xml:22:15-70
40                android:resource="@style/NormalTheme" />
40-->src/main/AndroidManifest.xml:23:15-52
41            <!--
42                 Displays an Android View that continues showing the launch screen
43                 Drawable until Flutter paints its first frame, then this splash
44                 screen fades out. A splash screen is useful to avoid any visual
45                 gap between the end of Android's launch screen and the painting of
46                 Flutter's first frame.
47            -->
48            <meta-data
48-->src/main/AndroidManifest.xml:30:13-33:17
49                android:name="io.flutter.embedding.android.SplashScreenDrawable"
49-->src/main/AndroidManifest.xml:31:15-79
50                android:resource="@drawable/launch_background" />
50-->src/main/AndroidManifest.xml:32:15-61
51
52            <intent-filter>
52-->src/main/AndroidManifest.xml:34:13-37:29
53                <action android:name="android.intent.action.MAIN" />
53-->src/main/AndroidManifest.xml:35:17-68
53-->src/main/AndroidManifest.xml:35:25-66
54
55                <category android:name="android.intent.category.LAUNCHER" />
55-->src/main/AndroidManifest.xml:36:17-76
55-->src/main/AndroidManifest.xml:36:27-74
56            </intent-filter>
57        </activity>
58        <!--
59             Don't delete the meta-data below.
60             This is used by the Flutter tool to generate GeneratedPluginRegistrant.java
61        -->
62        <meta-data
62-->src/main/AndroidManifest.xml:41:9-43:33
63            android:name="flutterEmbedding"
63-->src/main/AndroidManifest.xml:42:13-44
64            android:value="2" />
64-->src/main/AndroidManifest.xml:43:13-30
65
66        <service
66-->[:cloud_functions] AndroidManifest.xml:8:9-12:19
67            android:name="com.google.firebase.components.ComponentDiscoveryService"
67-->[:cloud_functions] AndroidManifest.xml:8:18-89
68            android:directBootAware="true"
68-->[com.google.firebase:firebase-common:20.0.0] AndroidManifest.xml:35:13-43
69            android:exported="false" >
69-->[com.google.firebase:firebase-functions:20.0.1] AndroidManifest.xml:17:13-37
70            <meta-data
70-->[:cloud_functions] AndroidManifest.xml:9:13-11:85
71                android:name="com.google.firebase.components:io.flutter.plugins.firebase.functions.FlutterFirebaseAppRegistrar"
71-->[:cloud_functions] AndroidManifest.xml:10:17-128
72                android:value="com.google.firebase.components.ComponentRegistrar" />
72-->[:cloud_functions] AndroidManifest.xml:11:17-82
73            <meta-data
73-->[:cloud_firestore] AndroidManifest.xml:9:13-11:85
74                android:name="com.google.firebase.components:io.flutter.plugins.firebase.firestore.FlutterFirebaseFirestoreRegistrar"
74-->[:cloud_firestore] AndroidManifest.xml:10:17-134
75                android:value="com.google.firebase.components.ComponentRegistrar" />
75-->[:cloud_firestore] AndroidManifest.xml:11:17-82
76            <meta-data
76-->[:firebase_core] AndroidManifest.xml:9:13-11:85
77                android:name="com.google.firebase.components:io.flutter.plugins.firebase.core.FlutterFirebaseCoreRegistrar"
77-->[:firebase_core] AndroidManifest.xml:10:17-124
78                android:value="com.google.firebase.components.ComponentRegistrar" />
78-->[:firebase_core] AndroidManifest.xml:11:17-82
79            <meta-data
79-->[com.google.firebase:firebase-functions:20.0.1] AndroidManifest.xml:18:13-20:85
80                android:name="com.google.firebase.components:com.google.firebase.functions.FunctionsRegistrar"
80-->[com.google.firebase:firebase-functions:20.0.1] AndroidManifest.xml:19:17-111
81                android:value="com.google.firebase.components.ComponentRegistrar" />
81-->[com.google.firebase:firebase-functions:20.0.1] AndroidManifest.xml:20:17-82
82            <meta-data
82-->[com.google.firebase:firebase-iid:21.1.0] AndroidManifest.xml:32:13-34:85
83                android:name="com.google.firebase.components:com.google.firebase.iid.Registrar"
83-->[com.google.firebase:firebase-iid:21.1.0] AndroidManifest.xml:33:17-96
84                android:value="com.google.firebase.components.ComponentRegistrar" />
84-->[com.google.firebase:firebase-iid:21.1.0] AndroidManifest.xml:34:17-82
85            <meta-data
85-->[com.google.firebase:firebase-firestore:23.0.3] AndroidManifest.xml:20:13-22:85
86                android:name="com.google.firebase.components:com.google.firebase.firestore.FirestoreRegistrar"
86-->[com.google.firebase:firebase-firestore:23.0.3] AndroidManifest.xml:21:17-111
87                android:value="com.google.firebase.components.ComponentRegistrar" />
87-->[com.google.firebase:firebase-firestore:23.0.3] AndroidManifest.xml:22:17-82
88            <meta-data
88-->[com.google.firebase:firebase-installations:17.0.0] AndroidManifest.xml:18:13-20:85
89                android:name="com.google.firebase.components:com.google.firebase.installations.FirebaseInstallationsRegistrar"
89-->[com.google.firebase:firebase-installations:17.0.0] AndroidManifest.xml:19:17-127
90                android:value="com.google.firebase.components.ComponentRegistrar" />
90-->[com.google.firebase:firebase-installations:17.0.0] AndroidManifest.xml:20:17-82
91        </service>
92
93        <provider
93-->[com.google.firebase:firebase-common:20.0.0] AndroidManifest.xml:26:9-31:39
94            android:name="com.google.firebase.provider.FirebaseInitProvider"
94-->[com.google.firebase:firebase-common:20.0.0] AndroidManifest.xml:27:13-77
95            android:authorities="com.herehere.canyasheme.firebaseinitprovider"
95-->[com.google.firebase:firebase-common:20.0.0] AndroidManifest.xml:28:13-72
96            android:directBootAware="true"
96-->[com.google.firebase:firebase-common:20.0.0] AndroidManifest.xml:29:13-43
97            android:exported="false"
97-->[com.google.firebase:firebase-common:20.0.0] AndroidManifest.xml:30:13-37
98            android:initOrder="100" />
98-->[com.google.firebase:firebase-common:20.0.0] AndroidManifest.xml:31:13-36
99
100        <activity
100-->[com.google.android.gms:play-services-base:17.1.0] AndroidManifest.xml:23:9-26:75
101            android:name="com.google.android.gms.common.api.GoogleApiActivity"
101-->[com.google.android.gms:play-services-base:17.1.0] AndroidManifest.xml:24:13-79
102            android:exported="false"
102-->[com.google.android.gms:play-services-base:17.1.0] AndroidManifest.xml:25:13-37
103            android:theme="@android:style/Theme.Translucent.NoTitleBar" />
103-->[com.google.android.gms:play-services-base:17.1.0] AndroidManifest.xml:26:13-72
104
105        <meta-data
105-->[com.google.android.gms:play-services-basement:17.0.0] AndroidManifest.xml:23:9-25:69
106            android:name="com.google.android.gms.version"
106-->[com.google.android.gms:play-services-basement:17.0.0] AndroidManifest.xml:24:13-58
107            android:value="@integer/google_play_services_version" />
107-->[com.google.android.gms:play-services-basement:17.0.0] AndroidManifest.xml:25:13-66
108    </application>
109
110</manifest>